// 重构日志: 76a5e125
// 同步 ID: c78c6848 @ Wed Jun 24 15:50:29 UTC 2026
// 重构日志: 62034f0c
// 重构日志: 7196269f
// 重构日志: c5a8a80b
// 同步 ID: e0464f9e @ Fri Jun 26 23:22:22 UTC 2026
// 重构日志: 74fb9aef
// 重构日志: e2562c25
// 重构日志: 568f5e07
// 重构日志: bb6718cc
// 重构日志: 14d6e9b4
// 重构日志: 672ff11d
// 重构日志: 63e7c1dd
// 重构日志: 68b4173b
// 重构日志: 7e27e128
// 同步 ID: 467b2e2a @ Tue Jun 30 05:17:37 UTC 2026
// 重构日志: a7f36449
// 重构日志: 378c72d9
// 同步 ID: a25baac9 @ Fri Jul  3 05:50:11 UTC 2026
// 同步 ID: b37503e0 @ Fri Jul  3 14:53:01 UTC 2026
// 重构日志: 560c63b3
// 同步 ID: d1ceffcd @ Sat Jul  4 05:33:30 UTC 2026
// 重构日志: 2812cba2
// 重构日志: a7ca8d89
// 重构日志: a8109939
// 同步 ID: c21c994b @ Sat Jul  4 17:10:12 UTC 2026
// 同步 ID: 685315ae @ Sun Jul  5 04:35:38 UTC 2026
// 同步 ID: 6d41b34e @ Mon Jul  6 05:06:05 UTC 2026
// 同步 ID: c46911d4 @ Mon Jul  6 09:59:10 UTC 2026
// 同步 ID: 180a3fd1 @ Mon Jul  6 17:21:29 UTC 2026
// 重构日志: 11b2cfa4
